<?xml version="1.0" encoding="UTF-8"?>
<testsuite name="basicRestAssured.CRUDProject" tests="1" skipped="0" failures="0" errors="0" timestamp="2022-08-11T02:26:28" hostname="LAPTOP-LOLO58O1" time="6.837">
  <properties/>
  <testcase name="verifyCRUDProject()" classname="basicRestAssured.CRUDProject" time="6.837"/>
  <system-out><![CDATA[Request method:	POST
Request URI:	https://todo.ly/api/projects.json
Proxy:			<none>
Request params:	<none>
Query params:	<none>
Form params:	<none>
Path params:	<none>
Headers:		Authorization=Basic amJhcGlAamJhcGkuY29tOjEyMzQ1
				Accept=*/*
				Content-Type=text/plain; charset=ISO-8859-1
Cookies:		<none>
Multiparts:		<none>
Body:
{"Content":"crudProject","Icon":9}
HTTP/1.1 200 OK
Cache-Control: no-cache, no-store, must-revalidate
Pragma: no-cache
Content-Type: application/json; charset=utf-8
Expires: -1
Server: Microsoft-IIS/8.0
Set-Cookie: ASP.NET_SessionId=jypf0vazxni5je0zesqwelwk; path=/; HttpOnly; SameSite=Lax
X-AspNetMvc-Version: 2.0
X-AspNet-Version: 4.0.30319
X-Powered-By: ASP.NET
Date: Thu, 11 Aug 2022 02:26:28 GMT
Content-Length: 401

{
    "Id": 4018589,
    "Content": "crudProject",
    "ItemsCount": 0,
    "Icon": 9,
    "ItemType": 2,
    "ParentId": null,
    "Collapsed": false,
    "ItemOrder": 282,
    "Children": [
        
    ],
    "IsProjectShared": false,
    "ProjectShareOwnerName": null,
    "ProjectShareOwnerEmail": null,
    "IsShareApproved": false,
    "IsOwnProject": true,
    "LastSyncedDateTime": "/Date(1660184788498)/",
    "LastUpdatedDate": "/Date(1660184788483)/",
    "Deleted": false,
    "SyncClientCreationId": null
}
Request method:	PUT
Request URI:	https://todo.ly/api/projects/4018589.json
Proxy:			<none>
Request params:	<none>
Query params:	<none>
Form params:	<none>
Path params:	<none>
Headers:		Authorization=Basic amJhcGlAamJhcGkuY29tOjEyMzQ1
				Accept=*/*
				Content-Type=text/plain; charset=ISO-8859-1
Cookies:		<none>
Multiparts:		<none>
Body:
{"Content":"update","Icon":7}
HTTP/1.1 200 OK
Cache-Control: no-cache, no-store, must-revalidate
Pragma: no-cache
Content-Type: application/json; charset=utf-8
Expires: -1
Server: Microsoft-IIS/8.0
Set-Cookie: ASP.NET_SessionId=xyhsqtw3kuc1jtfjckjofdt0; path=/; HttpOnly; SameSite=Lax
X-AspNetMvc-Version: 2.0
X-AspNet-Version: 4.0.30319
X-Powered-By: ASP.NET
Date: Thu, 11 Aug 2022 02:26:29 GMT
Content-Length: 396

{
    "Id": 4018589,
    "Content": "update",
    "ItemsCount": 0,
    "Icon": 7,
    "ItemType": 2,
    "ParentId": null,
    "Collapsed": false,
    "ItemOrder": 282,
    "Children": [
        
    ],
    "IsProjectShared": false,
    "ProjectShareOwnerName": null,
    "ProjectShareOwnerEmail": null,
    "IsShareApproved": false,
    "IsOwnProject": true,
    "LastSyncedDateTime": "/Date(1660184789965)/",
    "LastUpdatedDate": "/Date(1660184789967)/",
    "Deleted": false,
    "SyncClientCreationId": null
}
Request method:	GET
Request URI:	https://todo.ly/api/projects/4018589.json
Proxy:			<none>
Request params:	<none>
Query params:	<none>
Form params:	<none>
Path params:	<none>
Headers:		Authorization=Basic amJhcGlAamJhcGkuY29tOjEyMzQ1
				Accept=*/*
Cookies:		<none>
Multiparts:		<none>
Body:			<none>
HTTP/1.1 200 OK
Cache-Control: no-cache, no-store, must-revalidate
Pragma: no-cache
Content-Type: application/json; charset=utf-8
Expires: -1
Server: Microsoft-IIS/8.0
Set-Cookie: ASP.NET_SessionId=zpzx0lg515ij4vgdakxt2cgk; path=/; HttpOnly; SameSite=Lax
X-AspNetMvc-Version: 2.0
X-AspNet-Version: 4.0.30319
X-Powered-By: ASP.NET
Date: Thu, 11 Aug 2022 02:26:31 GMT
Content-Length: 396

{
    "Id": 4018589,
    "Content": "update",
    "ItemsCount": 0,
    "Icon": 7,
    "ItemType": 2,
    "ParentId": null,
    "Collapsed": false,
    "ItemOrder": 282,
    "Children": [
        
    ],
    "IsProjectShared": false,
    "ProjectShareOwnerName": null,
    "ProjectShareOwnerEmail": null,
    "IsShareApproved": false,
    "IsOwnProject": true,
    "LastSyncedDateTime": "/Date(1660184791681)/",
    "LastUpdatedDate": "/Date(1660184789967)/",
    "Deleted": false,
    "SyncClientCreationId": null
}
Request method:	DELETE
Request URI:	https://todo.ly/api/projects/4018589.json
Proxy:			<none>
Request params:	<none>
Query params:	<none>
Form params:	<none>
Path params:	<none>
Headers:		Authorization=Basic amJhcGlAamJhcGkuY29tOjEyMzQ1
				Accept=*/*
Cookies:		<none>
Multiparts:		<none>
Body:			<none>
HTTP/1.1 200 OK
Cache-Control: no-cache, no-store, must-revalidate
Pragma: no-cache
Content-Type: application/json; charset=utf-8
Expires: -1
Server: Microsoft-IIS/8.0
Set-Cookie: ASP.NET_SessionId=1usf0w32iz50g4ai21y0ur52; path=/; HttpOnly; SameSite=Lax
X-AspNetMvc-Version: 2.0
X-AspNet-Version: 4.0.30319
X-Powered-By: ASP.NET
Date: Thu, 11 Aug 2022 02:26:32 GMT
Content-Length: 395

{
    "Id": 4018589,
    "Content": "update",
    "ItemsCount": 0,
    "Icon": 7,
    "ItemType": 2,
    "ParentId": null,
    "Collapsed": false,
    "ItemOrder": 282,
    "Children": [
        
    ],
    "IsProjectShared": false,
    "ProjectShareOwnerName": null,
    "ProjectShareOwnerEmail": null,
    "IsShareApproved": false,
    "IsOwnProject": true,
    "LastSyncedDateTime": "/Date(1660184793599)/",
    "LastUpdatedDate": "/Date(1660184793583)/",
    "Deleted": true,
    "SyncClientCreationId": null
}
]]></system-out>
  <system-err><![CDATA[]]></system-err>
</testsuite>
