<?xml version="1.0" encoding="UTF-8"?>
<testsuite name="basicRestAssured.VerificationSchema" tests="1" skipped="0" failures="0" errors="0" timestamp="2022-08-11T02:26:44" hostname="LAPTOP-LOLO58O1" time="1.959">
  <properties/>
  <testcase name="verifyCreateProjectWithVerification()" classname="basicRestAssured.VerificationSchema" time="1.959"/>
  <system-out><![CDATA[Request method:	POST
Request URI:	https://todo.ly/api/projects.json
Proxy:			<none>
Request params:	<none>
Query params:	<none>
Form params:	<none>
Path params:	<none>
Headers:		Authorization=Basic amJhcGlAamJhcGkuY29tOjEyMzQ1
				Accept=*/*
				Content-Type=text/plain; charset=ISO-8859-1
Cookies:		<none>
Multiparts:		<none>
Body:
{"Content":"SCHEMA","Icon":8}
HTTP/1.1 200 OK
Cache-Control: no-cache, no-store, must-revalidate
Pragma: no-cache
Content-Type: application/json; charset=utf-8
Expires: -1
Server: Microsoft-IIS/8.0
Set-Cookie: ASP.NET_SessionId=hvbjydkhoc0lrucs5lswfxmt; path=/; HttpOnly; SameSite=Lax
X-AspNetMvc-Version: 2.0
X-AspNet-Version: 4.0.30319
X-Powered-By: ASP.NET
Date: Thu, 11 Aug 2022 02:26:44 GMT
Content-Length: 396

{
    "Id": 4018591,
    "Content": "SCHEMA",
    "ItemsCount": 0,
    "Icon": 8,
    "ItemType": 2,
    "ParentId": null,
    "Collapsed": false,
    "ItemOrder": 284,
    "Children": [
        
    ],
    "IsProjectShared": false,
    "ProjectShareOwnerName": null,
    "ProjectShareOwnerEmail": null,
    "IsShareApproved": false,
    "IsOwnProject": true,
    "LastSyncedDateTime": "/Date(1660184804441)/",
    "LastUpdatedDate": "/Date(1660184804440)/",
    "Deleted": false,
    "SyncClientCreationId": null
}
]]></system-out>
  <system-err><![CDATA[]]></system-err>
</testsuite>
